2015-Jun-03 19:12:34 Наличие необходимых модулей php (check_php_modules): Ok
Все необходимые модули установлены
2015-Jun-03 19:12:45 Кодировки таблиц в БД (check_mysql_table_charset): Ok
85% done
2015-Jun-03 19:12:45 Обязательные параметры PHP (check_php_settings): Ok
Настройки правильные
2015-Jun-03 19:12:46 Модули веб-сервера (check_security): Ok
Конфликтов не выявлено
2015-Jun-03 19:12:56 Кодировки таблиц в БД (check_mysql_table_charset): Ok
97% done
2015-Jun-03 19:12:56 Значения переменных сервера (check_server_vars): Ok
Корректные
2015-Jun-03 19:12:59 Кодировки таблиц в БД (check_mysql_table_charset): Ok
Успешно
2015-Jun-03 19:12:59 Сохранение сессии (check_session): Ok
50% done
2015-Jun-03 19:13:00 Структура базы данных (check_mysql_table_structure): Ok
0% done
2015-Jun-03 19:13:00 Сохранение сессии (check_session): Ok
Успешно
2015-Jun-03 19:13:06 Структура базы данных (check_mysql_table_structure): Ok
2% done
2015-Jun-03 19:13:06 Параметры настройки UTF (mbstring и константа BX_UTF) (check_mbstring): Ok
Правильные. Сайт работает в UTF кодировке
2015-Jun-03 19:13:08 Структура базы данных (check_mysql_table_structure): Ok
5% done
2015-Jun-03 19:13:08 Работа с сокетами (check_socket): Ok
Connection to watches.loc:80	Success

Успешно
2015-Jun-03 19:13:17 Структура базы данных (check_mysql_table_structure): Ok
8% done
2015-Jun-03 19:13:17 Параметры подключения к базе данных (check_dbconn_settings): Ok
Успешно
2015-Jun-03 19:13:23 Структура базы данных (check_mysql_table_structure): Ok
10% done
2015-Jun-03 19:13:27 Лишний вывод в файлах конфигурации (check_dbconn): Ok
Connection to watches.loc:80	Success

Успешно
2015-Jun-03 19:13:32 Структура базы данных (check_mysql_table_structure): Ok
13% done
2015-Jun-03 19:13:32 Выполнение агентов на cron (check_bx_crontab): Warning
Замечание. Агенты выполняются на хитах, рекомендуется перевести выполнение агентов на cron
2015-Jun-03 19:13:43 Структура базы данных (check_mysql_table_structure): Ok
16% done
2015-Jun-03 19:13:43 Сохранение сессии без UserAgent (check_session_ua): Ok
50% done
Connection to watches.loc:80	Success

2015-Jun-03 19:14:08 Структура базы данных (check_mysql_table_structure): Ok
18% done
2015-Jun-03 19:14:08 Сохранение сессии без UserAgent (check_session_ua): Ok
Connection to watches.loc:80	Success

Успешно
2015-Jun-03 19:14:24 Структура базы данных (check_mysql_table_structure): Ok
21% done
2015-Jun-03 19:14:25 Настройки сайтов (check_sites): Ok
Правильные
2015-Jun-03 19:14:27 Структура базы данных (check_mysql_table_structure): Ok
24% done
2015-Jun-03 19:14:27 Служебные скрипты в корне сайта (check_install_scripts): Ok
Отсутствуют
2015-Jun-03 19:14:28 Структура базы данных (check_mysql_table_structure): Ok
27% done
2015-Jun-03 19:14:28 Передача объектов по ссылке (check_clone): Ok
Успешно
2015-Jun-03 19:14:38 Структура базы данных (check_mysql_table_structure): Ok
29% done
2015-Jun-03 19:14:38 Размер стека и pcre.recursion_limit (check_pcre_recursion): Fail
Connection to watches.loc:80	Success

Ошибка! Не работает
2015-Jun-03 19:14:39 Структура базы данных (check_mysql_table_structure): Ok
32% done
2015-Jun-03 19:14:39 Вызов method_exists на строке (check_method_exists): Ok
Connection to watches.loc:80	Success

Успешно
2015-Jun-03 19:14:40 Структура базы данных (check_mysql_table_structure): Ok
35% done
2015-Jun-03 19:14:40 Загрузка файла (check_upload): Ok
Connection to watches.loc:80	Success

Успешно
2015-Jun-03 19:14:41 Структура базы данных (check_mysql_table_structure): Ok
37% done
2015-Jun-03 19:14:41 Загрузка файла больше 4Мб (check_upload_big): Ok
Connection to watches.loc:80	Success

Успешно
2015-Jun-03 19:14:42 Структура базы данных (check_mysql_table_structure): Ok
40% done
2015-Jun-03 19:14:42 Загрузка файла через php://input (check_upload_raw): Ok
Connection to watches.loc:80	Success

Успешно
2015-Jun-03 19:15:03 Структура базы данных (check_mysql_table_structure): Ok
43% done
2015-Jun-03 19:15:03 Передача POST запроса с большим числом параметров (check_post): Ok
Connection to watches.loc:80	Success

Успешно
2015-Jun-03 19:15:06 Структура базы данных (check_mysql_table_structure): Ok
45% done
2015-Jun-03 19:15:06 Отправка почты (check_mail): Fail
Ошибка! Не работает
2015-Jun-03 19:15:11 Структура базы данных (check_mysql_table_structure): Ok
48% done
2015-Jun-03 19:15:11 Отправка почтового сообщения больше 64Кб (check_mail_big): Fail
Ошибка! Не работает
2015-Jun-03 19:15:12 Проверка на наличие неотправленных сообщений (check_mail_b_event): Ok
Успешно
2015-Jun-03 19:15:15 Структура базы данных (check_mysql_table_structure): Ok
51% done
2015-Jun-03 19:15:15 Внутреннее перенаправление (функция LocalRedirect) (check_localredirect): Ok
50% done
Connection to watches.loc:80	Success

2015-Jun-03 19:15:32 Структура базы данных (check_mysql_table_structure): Ok
54% done
2015-Jun-03 19:15:32 Внутреннее перенаправление (функция LocalRedirect) (check_localredirect): Ok
Connection to watches.loc:80	Success

Успешно
2015-Jun-03 19:15:47 Структура базы данных (check_mysql_table_structure): Ok
56% done
2015-Jun-03 19:15:48 Фактическое ограничение памяти (check_memory_limit): Ok
20% done
Connection to watches.loc:80	Success

2015-Jun-03 19:15:49 Структура базы данных (check_mysql_table_structure): Ok
59% done
2015-Jun-03 19:15:49 Фактическое ограничение памяти (check_memory_limit): Ok
40% done
Connection to watches.loc:80	Success

2015-Jun-03 19:16:37 Структура базы данных (check_mysql_table_structure): Ok
62% done
2015-Jun-03 19:16:37 Фактическое ограничение памяти (check_memory_limit): Ok
60% done
Connection to watches.loc:80	Success

2015-Jun-03 19:16:51 Структура базы данных (check_mysql_table_structure): Ok
64% done
2015-Jun-03 19:16:55 Фактическое ограничение памяти (check_memory_limit): Ok
80% done
Connection to watches.loc:80	Success

2015-Jun-03 19:17:07 Структура базы данных (check_mysql_table_structure): Ok
67% done
2015-Jun-03 19:17:08 Фактическое ограничение памяти (check_memory_limit): Ok
Connection to watches.loc:80	Success

Не менее 256 М
2015-Jun-03 19:17:21 Структура базы данных (check_mysql_table_structure): Ok
70% done
2015-Jun-03 19:17:21 Работа с файлами кеша (check_cache): Ok
Успешно
2015-Jun-03 19:17:23 Структура базы данных (check_mysql_table_structure): Ok
72% done
2015-Jun-03 19:17:25 Доступ к серверу обновлений (check_update): Ok
Успешно
2015-Jun-03 19:17:36 Структура базы данных (check_mysql_table_structure): Ok
75% done
2015-Jun-03 19:17:37 HTTP авторизация (check_http_auth): Ok
Connection to watches.loc:80	Success

Успешно
2015-Jun-03 19:17:52 Структура базы данных (check_mysql_table_structure): Ok
78% done
2015-Jun-03 19:17:52 Создание и запуск файла (check_exec): Ok
Connection to watches.loc:80	Success

Успешно
2015-Jun-03 19:18:30 Структура базы данных (check_mysql_table_structure): Ok
81% done
2015-Jun-03 19:18:30 Функция getimagesize для swf (check_getimagesize): Ok
Успешно
2015-Jun-03 19:18:42 Структура базы данных (check_mysql_table_structure): Ok
83% done
2015-Jun-03 19:18:42 Версия MySQL сервера (check_mysql_bug_version): Ok
Успешно
2015-Jun-03 19:18:45 Структура базы данных (check_mysql_table_structure): Ok
86% done
2015-Jun-03 19:18:46 Время на БД и веб сервере (check_mysql_time): Fail
Ошибка! Время отличается на 3589 секунд
2015-Jun-03 19:19:06 Структура базы данных (check_mysql_table_structure): Ok
89% done
2015-Jun-03 19:19:06 Режим работы MySQL (check_mysql_mode): Ok
Успешно
2015-Jun-03 19:19:08 Кодировка соединения (check_mysql_connection_charset): Ok
character_set_connection=utf8, collation_connection=utf8_unicode_ci, character_set_results=utf8
Успешно
2015-Jun-03 19:19:11 Структура базы данных (check_mysql_table_structure): Ok
91% done
2015-Jun-03 19:19:15 Кодировка базы данных (check_mysql_db_charset): Ok
CHARSET=utf8, COLLATION=utf8_unicode_ci
Успешно
2015-Jun-03 19:19:19 Структура базы данных (check_mysql_table_structure): Ok
94% done
2015-Jun-03 19:19:33 Кодировки таблиц в БД (check_mysql_table_charset): Ok
12% done
2015-Jun-03 19:19:42 Структура базы данных (check_mysql_table_structure): Ok
97% done
2015-Jun-03 19:19:56 Кодировки таблиц в БД (check_mysql_table_charset): Ok
26% done
2015-Jun-03 19:19:56 Структура базы данных (check_mysql_table_structure): Ok
Успешно
2015-Jun-03 19:20:07 Кодировки таблиц в БД (check_mysql_table_charset): Ok
38% done
